Arguments: 
  C:\Program Files\nodejs\node.exe C:\Users\Syed Talha\AppData\Roaming\npm\node_modules\yarn\bin\yarn.js add vite

PATH: 
  C:\Program Files\Microsoft SDKs\Azure\CLI2\wbin;C:\Windows\system32;C:\Windows;C:\Windows\System32\Wbem;C:\Windows\System32\WindowsPowerShell\v1.0\;C:\Windows\System32\OpenSSH\;C:\Program Files\dotnet\;C:\Program Files\Microsoft SQL Server\130\Tools\Binn\;C:\Program Files\Microsoft SQL Server\Client SDK\ODBC\170\Tools\Binn\;C:\Program Files (x86)\Microsoft SQL Server\150\DTS\Binn\;C:\Program Files\Azure Data Studio\bin;C:\Program Files (x86)\Microsoft SQL Server\150\Tools\Binn\;C:\Program Files\Microsoft SQL Server\150\Tools\Binn\;C:\Program Files\Microsoft SQL Server\150\DTS\Binn\;C:\WINDOWS\system32;C:\WINDOWS;C:\WINDOWS\System32\Wbem;C:\WINDOWS\System32\WindowsPowerShell\v1.0\;C:\WINDOWS\System32\OpenSSH\;C:\Program Files\Git\cmd;C:\Program Files\nodejs\;C:\Users\Syed Talha\AppData\Local\Programs\Python\Python310\Scripts\;C:\Users\Syed Talha\AppData\Local\Programs\Python\Python310\;C:\Users\Syed Talha\AppData\Local\Microsoft\WindowsApps;C:\Users\Syed Talha\.dotnet\tools;C:\Users\Syed Talha\AppData\Local\Programs\Fiddler;C:\Program Files\Azure Data Studio\bin;C:\Users\Syed Talha\AppData\Local\Programs\Microsoft VS Code\bin;C:\Users\Syed Talha\AppData\Local\Microsoft\WindowsApps;C:\Users\Syed Talha\.dotnet\tools;C:\Users\Syed Talha\AppData\Roaming\npm

Yarn version: 
  1.22.19

Node version: 
  18.14.2

Platform: 
  win32 x64

Trace: 
  Error: connect ETIMEDOUT 2606:4700::6810:23:443
      at TCPConnectWrap.afterConnect [as oncomplete] (node:net:1494:16)

npm manifest: 
  {
    "name": "dashboard",
    "private": true,
    "version": "0.0.0",
    "type": "module",
    "scripts": {
      "dev": "vite",
      "build": "vite build",
      "lint": "eslint . --ext js,jsx --report-unused-disable-directives --max-warnings 0",
      "preview": "vite preview"
    },
    "dependencies": {
      "@popperjs/core": "^2.11.8",
      "bootstrap": "^5.3.2",
      "chart.js": "^4.4.0",
      "google-map-react": "^2.2.1",
      "jquery": "^3.6.0",
      "jquery.fancybox": "^2.1.5",
      "jquery.nicescroll": "^3.7.6",
      "react": "^18.2.0",
      "react-chartjs-2": "^5.2.0",
      "react-data-table-component": "^7.5.4",
      "react-dom": "^18.2.0",
      "react-icons": "^4.11.0",
      "react-intl-tel-input": "^8.2.0",
      "react-router-dom": "^6.16.0",
      "react-tagsinput": "^3.20.3"
    },
    "devDependencies": {
      "@faker-js/faker": "^8.1.0",
      "@types/react": "^18.2.15",
      "@types/react-dom": "^18.2.7",
      "@vitejs/plugin-react-swc": "^3.3.2",
      "eslint": "^8.45.0",
      "eslint-plugin-react": "^7.32.2",
      "eslint-plugin-react-hooks": "^4.6.0",
      "eslint-plugin-react-refresh": "^0.4.3",
      "vite": "^4.4.5"
    },
    "overrides": {
      "react": "$react",
      "react-dom": "$react-dom"
    }
  }

yarn manifest: 
  No manifest

Lockfile: 
  No lockfile
